Syscall Counts:
execve: 23
brk: 46
arch_prctl: 18
mmap: 358
access: 9
openat: 229
newfstatat: 679
close: 224
read: 263
mprotect: 132
pread64: 36
set_tid_address: 9
set_robust_list: 11
rseq: 11
prlimit64: 11
munmap: 20
poll: 32
rt_sigaction: 919
sigaltstack: 2
getrandom: 15
sched_getaffinity: 1
statx: 13
ioctl: 103
write: 66
uname: 3
readlink: 15
socketpair: 1
clone: 1
sethostname: 1
mount: 7
mkdir: 8
getdents64: 26
pivot_root: 1
chdir: 1
umount2: 1
rmdir: 1
unshare: 1
sendto: 10
recvfrom: 4
lseek: 176
rt_sigprocmask: 37
clone3: 9
wait4: 8
prctl: 126
getuid: 9
socket: 20
setsockopt: 46
bind: 14
getsockname: 17
recvmsg: 31
sendmsg: 12
exit_group: 8
setns: 1
setgroups: 1
setresgid: 1
setresuid: 1
capget: 1
seccomp: 10
futex: 22
sysinfo: 1
fcntl: 1
dup: 3
geteuid: 1
getegid: 1
getgid: 1
connect: 8
getcwd: 2
epoll_create1: 1
gettid: 3
sendmmsg: 2
listen: 1
accept4: 2
shutdown: 2
madvise: 2
exit: 2
rt_sigreturn: 1

Syscall Paths:
access:
  /etc/ld.so.preload
openat:
  /lib/x86_64-linux-gnu/libelf.so.1
  /lib/x86_64-linux-gnu/libz.so.1
  /usr/lib/python3.10/encodings/__pycache__/aliases.cpython-310.pyc
  /usr/lib/python3.10/__pycache__/datetime.cpython-310.pyc
  /usr/lib/python3.10/__pycache__/enum.cpython-310.pyc
  /usr/lib/python3.10/__pycache__/posixpath.cpython-310.pyc
  /lib/x86_64-linux-gnu/libcap.so.2
  /proc/58173/gid_map
  /usr/lib/python3.10/__pycache__/os.cpython-310.pyc
  /usr/lib/python3.10/__pycache__/random.cpython-310.pyc
  /usr/lib/python3.10/__pycache__/threading.cpython-310.pyc
  /usr/lib/python3.10/__pycache__/genericpath.cpython-310.pyc
  /usr/lib/python3.10/importlib
  /bin/pyvenv.cfg
  /bin/pybuilddir.txt
  /usr/lib/python3.10/lib-dynload/_bz2.cpython-310-x86_64-linux-gnu.so
  /usr/lib/python3.10/__pycache__/selectors.cpython-310.pyc
  /usr/lib/python3.10/lib-dynload/_lzma.cpython-310-x86_64-linux-gnu.so
  /usr/lib/python3.10/collections
  /sys/fs/cgroup/weird-cat-140/io.bfq.weight
  /usr/lib/python3.10/encodings/__pycache__/utf_8.cpython-310.pyc
  /usr/lib/python3.10/urllib/__pycache__/__init__.cpython-310.pyc
  /usr/lib/python3.10/importlib/__pycache__/util.cpython-310.pyc
  /usr/lib/python3.10/__pycache__/sre_compile.cpython-310.pyc
  /usr/lib/python3.10/email/__pycache__/feedparser.cpython-310.pyc
  /usr/lib/python3.10/__pycache__/ssl.cpython-310.pyc
  /usr/lib/python3.10/email/__pycache__/_encoded_words.cpython-310.pyc
  /lib/x86_64-linux-gnu/libmd.so.0
  /usr/lib/python3.10/email/__pycache__/header.cpython-310.pyc
  /usr/lib/python3.10/__pycache__/locale.cpython-310.pyc
  /usr/lib/python3.10/__pycache__/fnmatch.cpython-310.pyc
  /proc/58173/ns/net
  /lib/x86_64-linux-gnu/liblzma.so.5
  /lib/x86_64-linux-gnu/x86_64/libm.so.6
  /usr/lib/python3.10/__pycache__/keyword.cpython-310.pyc
  /usr/lib/python3.10/__pycache__/uu.cpython-310.pyc
  /usr/lib/python3.10/html/__pycache__/__init__.cpython-310.pyc
  /usr/lib/python3.10/importlib/__pycache__/__init__.cpython-310.pyc
  /usr/lib/python3.10/__pycache__/contextlib.cpython-310.pyc
  /usr/lib/python3.10/email/__pycache__/errors.cpython-310.pyc
  /run/netns/58173
  /usr/lib/python3.10/__pycache__/io.cpython-310.pyc
  /usr/lib/python3.10/email/__pycache__/_parseaddr.cpython-310.pyc
  /usr/lib/python3.10/encodings/__pycache__/__init__.cpython-310.pyc
  /usr/lib/python3.10/encodings/__pycache__/idna.cpython-310.pyc
  /lib/x86_64-linux-gnu/libcrypto.so.3
  /usr/lib/python3.10/__pycache__/warnings.cpython-310.pyc
  /sys/fs/cgroup/cgroup.subtree_control
  /usr/lib/python3.10/http
  /etc/hosts
  /proc/self/maps
  /usr/lib/python3.10/email/__pycache__/encoders.cpython-310.pyc
  /usr/lib/python3.10/lib-dynload
  /usr/lib/python3.10/email
  /usr/lib/python3.10/__pycache__/gettext.cpython-310.pyc
  /usr/lib/ip/link_veth.so
  /usr/lib/python3.10/__pycache__/copyreg.cpython-310.pyc
  /usr/lib/python3/dist-packages/matplotlib-3.5.1-nspkg.pth
  /usr/lib/python3.10/email/__pycache__/charset.cpython-310.pyc
  /usr/lib/python3.10/lib-dynload/_ssl.cpython-310-x86_64-linux-gnu.so
  /usr/lib/python3.10/__pycache__/_sitebuiltins.cpython-310.pyc
  /usr/lib/python3.10/__pycache__/mimetypes.cpython-310.pyc
  /usr/lib/locale/C.UTF-8/LC_CTYPE
  /usr/lib/python3.10/__pycache__/stat.cpython-310.pyc
  /lib/x86_64-linux-gnu/libbz2.so.1.0
  /etc/localtime
  /etc/nsswitch.conf
  /usr/lib/python3.10/__pycache__/struct.cpython-310.pyc
  /usr/lib/python3.10/__pycache__/abc.cpython-310.pyc
  /usr/lib/x86_64-linux-gnu/gconv/gconv-modules.cache
  /etc/host.conf
  /sys/fs/cgroup/cgroup.controllers
  /usr/lib/python3.10/importlib/__pycache__/machinery.cpython-310.pyc
  /lib/x86_64-linux-gnu/tls/x86_64/x86_64/libm.so.6
  /usr/lib/python3.10/email/__pycache__/parser.cpython-310.pyc
  /usr/lib/python3.10/urllib/__pycache__/parse.cpython-310.pyc
  /sys/fs/cgroup/weird-cat-140/cgroup.procs
  /usr/share/locale/locale.alias
  //index.html
  /lib/x86_64-linux-gnu/libbpf.so.0
  /usr/lib/python3.10/__pycache__/shutil.cpython-310.pyc
  /usr/lib/python3.10/__pycache__/_collections_abc.cpython-310.pyc
  /
  /usr/lib/locale/C.utf8/LC_CTYPE
  /usr/lib/python3.10/__pycache__/weakref.cpython-310.pyc
  /usr/lib/python3.10/html
  /usr/lib/python3.10/__pycache__/string.cpython-310.pyc
  /usr/lib/python3.10/__pycache__/site.cpython-310.pyc
  /usr/lib/python3.10/__pycache__/bz2.cpython-310.pyc
  /lib/x86_64-linux-gnu/glibc-hwcaps/x86-64-v2/libm.so.6
  /proc/58173/uid_map
  /usr/lib/python3.10/__pycache__/sre_constants.cpython-310.pyc
  /usr/lib/python3.10/__pycache__/stringprep.cpython-310.pyc
  /usr/lib/python3.10/email/__pycache__/__init__.cpython-310.pyc
  /usr/lib/python3.10/email/__pycache__/quoprimime.cpython-310.pyc
  /usr/lib/python3.10/__pycache__/re.cpython-310.pyc
  /usr/lib/python3.10/collections/__pycache__/__init__.cpython-310.pyc
  /etc/passwd
  /usr/lib/python3.10/collections/__pycache__/abc.cpython-310.pyc
  /usr/lib/python3.10/__pycache__/argparse.cpython-310.pyc
  /usr/lib/python3.10/__pycache__/socket.cpython-310.pyc
  /usr/lib/python3.10/__pycache__/runpy.cpython-310.pyc
  /usr/lib/python3.10/email/__pycache__/base64mime.cpython-310.pyc
  /lib/x86_64-linux-gnu/x86_64/x86_64/libm.so.6
  /usr/lib/python3.10/__pycache__/lzma.cpython-310.pyc
  /usr/lib/python3.10/email/__pycache__/utils.cpython-310.pyc
  /usr/lib/locale/locale-archive
  /usr/lib/python3.10/http/__pycache__/client.cpython-310.pyc
  /lib/x86_64-linux-gnu/libssl.so.3
  /lib/x86_64-linux-gnu/libbsd.so.0
  /usr/lib/python3/dist-packages/init_cov_core.pth
  /usr/lib/python3.10/html/__pycache__/entities.cpython-310.pyc
  /usr/lib/python3.10/http/__pycache__/__init__.cpython-310.pyc
  /sys/fs/cgroup/weird-cat-140/cpu.weight
  /lib/x86_64-linux-gnu/libmnl.so.0
  /usr/lib/python3.10/__pycache__/base64.cpython-310.pyc
  /usr/lib/python3.10/__pycache__/quopri.cpython-310.pyc
  /usr/lib/python3.10/http/__pycache__/server.cpython-310.pyc
  /usr/lib/python3.10/__pycache__/copy.cpython-310.pyc
  /usr/lib/python3.10/__pycache__/_weakrefset.cpython-310.pyc
  /sys/kernel/mm/hugepages
  /usr/lib/python3.10/__pycache__/types.cpython-310.pyc
  /lib/x86_64-linux-gnu/libexpat.so.1
  /etc/resolv.conf
  /lib/x86_64-linux-gnu/libc.so.6
  /sys/fs/cgroup/weird-cat-140/memory.max
  /usr/lib/python3.10/__pycache__/bisect.cpython-310.pyc
  /etc/gai.conf
  /usr/lib/python3.10/email/__pycache__/_policybase.cpython-310.pyc
  /lib/x86_64-linux-gnu/libm.so.6
  /lib/x86_64-linux-gnu/tls/libm.so.6
  /usr/lib/python3.10
  /usr/lib/ssl/openssl.cnf
  /usr/lib/python3.10/__pycache__/calendar.cpython-310.pyc
  /usr/lib/python3.10/__pycache__/reprlib.cpython-310.pyc
  /usr/lib/python3.10/__pycache__/sre_parse.cpython-310.pyc
  /usr/lib/python3.10/encodings
  /usr/lib/python3.10/__pycache__/functools.cpython-310.pyc
  /usr/lib/python3.10/__pycache__/socketserver.cpython-310.pyc
  /usr/lib/python3.10/__pycache__/operator.cpython-310.pyc
  /usr/lib/python3.10/__pycache__/codecs.cpython-310.pyc
  /etc/ld.so.cache
  /usr/lib/python3/dist-packages
  /lib/x86_64-linux-gnu/libgcc_s.so.1
  /usr/lib/python3.10/urllib
  /sys/fs/cgroup/weird-cat-140/pids.max
  /usr/lib/python3.10/__pycache__/_compression.cpython-310.pyc
  /usr/lib/python3.10/email/__pycache__/message.cpython-310.pyc
  /lib/x86_64-linux-gnu/tls/x86_64/libm.so.6
  /usr/lib/python3.10/importlib/__pycache__/_abc.cpython-310.pyc
  /usr/lib/python3.10/email/__pycache__/iterators.cpython-310.pyc
  /lib/x86_64-linux-gnu/libseccomp.so.2
  /usr/lib/python3/dist-packages/pytest-cov.pth
readlink:
  /usr/bin
  /bin/python3
  /bin
  /lib64
  /usr/lib
  /bin/python3.10
  /usr
  /lib
  /usr/lib64
mount:
  /tmp/web_fortress.Qj0pDXc43hV2/usr/lib
  /tmp/web_fortress.Qj0pDXc43hV2/bin
  /tmp/web_fortress.Qj0pDXc43hV2/lib
  /tmp/web_fortress.Qj0pDXc43hV2
  /
  /usr/bin
  /usr/lib
  /tmp/web_fortress.Qj0pDXc43hV2/usr/lib64
  /usr/lib64
  /tmp/web_fortress.Qj0pDXc43hV2/lib64
mkdir:
  /tmp/web_fortress.Qj0pDXc43hV2/usr/lib
  /tmp/web_fortress.Qj0pDXc43hV2/bin
  /tmp/web_fortress.Qj0pDXc43hV2/lib
  /tmp/web_fortress.Qj0pDXc43hV2
  /sys/fs/cgroup/weird-cat-140
  /tmp/web_fortress.Qj0pDXc43hV2/oldroot.L9oFip
  /tmp/web_fortress.Qj0pDXc43hV2/usr/lib64
  /tmp/web_fortress.Qj0pDXc43hV2/lib64
statx:
  /tmp/web_fortress.Qj0pDXc43hV2/usr/lib
  /tmp/web_fortress.Qj0pDXc43hV2/bin
  /tmp/web_fortress.Qj0pDXc43hV2/lib
  /sys/fs/cgroup/weird-cat-140
  /bin/python3
  /tmp/web_fortress.Qj0pDXc43hV2/usr/lib64
  /tmp/web_fortress.Qj0pDXc43hV2/lib64
pivot_root:
  /tmp/web_fortress.Qj0pDXc43hV2
  /tmp/web_fortress.Qj0pDXc43hV2/oldroot.L9oFip
chdir:
  /
umount2:
  /oldroot.L9oFip
rmdir:
  /oldroot.L9oFip
execve:
  /usr/local/sbin/ip
  /usr/sbin/ip
  /bin/python3
  /usr/local/bin/ip
newfstatat:
  /usr/lib/python3.10/quopri.py
  /bin/lib/python3.10/lib-dynload
  /usr/lib/python3.10/shutil.py
  /usr/lib/python3.10/socketserver.py
  /usr/lib/python3.10/bz2.py
  /usr/lib/python3.10/_weakrefset.py
  /usr/lib/python3.10/sre_constants.py
  /usr/lib/python3.10/runpy.py
  /usr/lib/python3.10/email/feedparser.py
  /usr/lib/python3.10/importlib
  /lib/x86_64-linux-gnu/glibc-hwcaps/x86-64-v2
  /bin/pyvenv.cfg
  /usr/lib/python3.10/http/server.py
  /usr/lib/python3.10/email/__init__.cpython-310-x86_64-linux-gnu.so
  /usr/lib/python3.10/encodings/__init__.cpython-310-x86_64-linux-gnu.so
  /usr/lib/python3.10/collections/__init__.cpython-310-x86_64-linux-gnu.so
  /usr/lib/python3.10/email/utils.py
  /usr/lib/python3.10/encodings/__init__.so
  /usr/lib
  /usr/lib/python3.10/lib-dynload/_bz2.cpython-310-x86_64-linux-gnu.so
  /usr/lib/python3.10/email/__init__.py
  /lib/x86_64-linux-gnu/tls/x86_64
  /usr/lib/python3.10/stringprep.py
  /usr/lib/python3.10/selectors.py
  /usr/lib/python3.10/http/__init__.cpython-310-x86_64-linux-gnu.so
  /usr/lib/python3.10/lib-dynload/_lzma.cpython-310-x86_64-linux-gnu.so
  /usr/lib/python3.10/collections
  /usr/lib/python3.10/importlib/util.py
  /usr/lib/python3.10/dist-packages
  /usr/lib/python3.10/weakref.py
  /usr/local/etc/mime.types
  /usr/lib/python3.10/argparse.py
  /usr/lib/python3.10/importlib/__init__.so
  /usr/lib/python3.10/urllib/__init__.abi3.so
  /usr/lib/python3.10/calendar.py
  /usr/lib/python3.10/genericpath.py
  /usr/lib/python3.10/reprlib.py
  /usr/lib/python3.10/datetime.py
  /usr/lib/python3.10/sre_compile.py
  /usr/lib/python3.10/os.py
  /lib/x86_64-linux-gnu/x86_64
  /lib/x86_64-linux-gnu/tls
  /usr/lib/python3.10/contextlib.py
  /usr/lib/python3.10/site.py
  /usr/lib/python3.10/email/base64mime.py
  /usr/lib/python310.zip
  /usr/lib/python3.10/functools.py
  /usr/lib/python3.10/email/parser.py
  /usr/lib/python3.10/locale.py
  /usr/lib/python3.10/email/charset.py
  /usr/lib/python3.10/http
  /pyvenv.cfg
  /usr/lib/python3.10/string.py
  //
  /usr/lib/python3.10/mimetypes.py
  /usr/lib/python3.10/threading.py
  /usr/lib/python3/dist-packages/mpl_toolkits/__init__.so
  /usr/lib/python3.10/email/_policybase.py
  /usr/lib/python3.10/lib-dynload
  /usr/lib/python3.10/email
  /usr/lib/python3.10/importlib/__init__.abi3.so
  /usr/lib/python3.10/ssl.py
  /usr/lib/python3.10/lib-dynload/_ssl.cpython-310-x86_64-linux-gnu.so
  /usr/lib/python3.10/_collections_abc.py
  /usr/lib/python3.10/sitecustomize.py
  /etc/nsswitch.conf
  /lib/x86_64-linux-gnu/x86_64/x86_64
  /usr/local/lib/netscape/mime.types
  /lib/x86_64-linux-gnu/tls/x86_64/x86_64
  /usr/lib/python3.10/urllib/__init__.cpython-310-x86_64-linux-gnu.so
  /usr/lib/python3.10/collections/__init__.abi3.so
  /usr/lib/python3.10/keyword.py
  /usr/local/etc/httpd/conf/mime.types
  /usr/lib/python3.10/_sitebuiltins.py
  /usr/lib/python3.10/email/quoprimime.py
  /usr/lib/python3.10/types.py
  /usr/lib/python3.10/collections/__init__.py
  /usr/lib/python3.10/importlib/_abc.py
  /bin/lib/python3.10/os.py
  //index.html
  /usr/lib/python3.10/sre_parse.py
  /usr/lib/python3.10/email/_encoded_words.py
  /usr/lib/python3.10/lzma.py
  /usr/lib/python3.10/collections/abc.py
  /usr/lib/python3.10/io.py
  /usr/lib/python3.10/operator.py
  /usr/lib/python3.10/html/__init__.cpython-310-x86_64-linux-gnu.so
  /usr/lib/python3.10/encodings/idna.py
  /etc/apache/mime.types
  /usr/lib/python3.10/email/message.py
  /
  /usr/lib/python3.10/html
  /usr/lib/python3.10/copyreg.py
  /usr/lib/python3.10/encodings/__init__.py
  /usr/lib/python3.10/uu.py
  /usr/lib/python3.10/importlib/machinery.py
  /usr/lib/python3/dist-packages/mpl_toolkits/__init__.abi3.so
  /usr/lib/python3.10/encodings/__init__.abi3.so
  /usr/lib/python3.10/urllib/parse.py
  /usr/lib/python3.10/codecs.py
  /usr/lib/python3.10/posixpath.py
  /usr/lib/python3.10/email/encoders.py
  /usr/lib/python3.10/http/__init__.so
  /bin/Modules/Setup.local
  /usr/local/lib/python3.10/dist-packages
  /usr/lib/python3.10/enum.py
  /usr/lib/python3.10/http/__init__.abi3.so
  /usr/lib/python3.10/fnmatch.py
  /usr/lib/python3.10/warnings.py
  /usr/lib/python3.10/urllib/__init__.py
  /usr/lib/python3.10/encodings/utf_8.py
  /usr/lib/python3.10/html/__init__.py
  /usr/lib/python3.10/stat.py
  /usr/lib/python3.10/collections/__init__.so
  /usr/lib/python3.10/email/__init__.so
  /etc/resolv.conf
  /usr/lib/python3.10/bisect.py
  /usr/lib/python3.10/importlib/__init__.py
  /usr/lib/python3.10/email/errors.py
  /usr/lib/python3/dist-packages/mpl_toolkits/__init__.cpython-310-x86_64-linux-gnu.so
  /usr/lib/python3.10/gettext.py
  /usr/lib/python3.10/random.py
  /etc/httpd/conf/mime.types
  /usr/lib/python3.10/re.py
  /usr/lib/python3.10/struct.py
  /usr/lib/python3.10
  /usr/lib/python3.10/encodings/aliases.py
  /usr/lib/python3.10/html/__init__.abi3.so
  /usr/lib/python3.10/encodings
  /etc/httpd/mime.types
  /usr/lib/python3.10/html/entities.py
  /etc/apache2/mime.types
  /usr/lib/python3.10/base64.py
  /usr/lib/python3.10/email/__init__.abi3.so
  /usr/lib/python3.10/http/client.py
  /usr/lib/python3.10/urllib
  /usr/lib/python3/dist-packages
  /usr/lib/python3/dist-packages/mpl_toolkits/__init__.py
  /usr/lib/python3.10/copy.py
  /usr/lib/python3.10/_compression.py
  /etc/mime.types
  /usr/lib/python3.10/urllib/__init__.so
  /usr/lib/python3.10/abc.py
  /usr/lib/python3.10/socket.py
  /bin/lib/python3.10/os.pyc
  /usr/lib/python3.10/importlib/__init__.cpython-310-x86_64-linux-gnu.so
  /usr/lib/python3.10/html/__init__.so
  /usr/lib/python3.10/http/__init__.py
  /usr/lib/python3.10/email/iterators.py
  /usr/lib/python3.10/email/header.py
  /usr/lib/python3.10/email/_parseaddr.py
connect:
  /var/run/nscd/socket
getcwd:
  /
